[0m[[0m[0mdebug[0m] [0m[0m> Exec(run, None, None)[0m
[0m[[0m[0mdebug[0m] [0m[0mEvaluating tasks: Compile / run[0m
[0m[[0m[0mdebug[0m] [0m[0mRunning task... Cancel: Signal, check cycles: false, forcegc: true[0m
[0m[[0m[0mdebug[0m] [0m[0mRunning task... Cancel: Signal, check cycles: false, forcegc: true[0m
[0m[[0m[0minfo[0m] [0m[0mcompiling 20 Scala sources and 1 Java source to /Users/kmilo/Education/software-architectures/2022-2023/Lab Sessions/07 - MVC with Scala Play/Session07_skeleton/target/scala-2.13/classes ...[0m
[0m[[0m[33mwarn[0m] [0m[0m/Users/kmilo/Education/software-architectures/2022-2023/Lab Sessions/07 - MVC with Scala Play/Session07_skeleton/app/controllers/UserController.scala:52:53: Auto-application to `()` is deprecated. Supply the empty argument list `()` explicitly to invoke method bindFromRequest,[0m
[0m[[0m[33mwarn[0m] [0m[0mor remove the empty argument list from its definition (Java-defined methods are exempt).[0m
[0m[[0m[33mwarn[0m] [0m[0mIn Scala 3, an unapplied method like this will be eta-expanded into a function.[0m
[0m[[0m[33mwarn[0m] [0m[0m        val formValidationResult: Form[User] = form.bindFromRequest[0m
[0m[[0m[33mwarn[0m] [0m[0m                                                    ^[0m
[0m[[0m[33mwarn[0m] [0m[0m/Users/kmilo/Education/software-architectures/2022-2023/Lab Sessions/07 - MVC with Scala Play/Session07_skeleton/conf/routes:6:1: Auto-application to `()` is deprecated. Supply the empty argument list `()` explicitly to invoke method index,[0m
[0m[[0m[33mwarn[0m] [0m[0mor remove the empty argument list from its definition (Java-defined methods are exempt).[0m
[0m[[0m[33mwarn[0m] [0m[0mIn Scala 3, an unapplied method like this will be eta-expanded into a function.[0m
[0m[[0m[33mwarn[0m] [0m[0mGET / controllers.HomeController.index[0m
[0m[[0m[33mwarn[0m] [0m[0m/Users/kmilo/Education/software-architectures/2022-2023/Lab Sessions/07 - MVC with Scala Play/Session07_skeleton/conf/routes:17:1: Auto-application to `()` is deprecated. Supply the empty argument list `()` explicitly to invoke method showLandingPage,[0m
[0m[[0m[33mwarn[0m] [0m[0mor remove the empty argument list from its definition (Java-defined methods are exempt).[0m
[0m[[0m[33mwarn[0m] [0m[0mIn Scala 3, an unapplied method like this will be eta-expanded into a function.[0m
[0m[[0m[33mwarn[0m] [0m[0mGET /landingPage controllers.LandingPageController.showLandingPage[0m
[0m[[0m[33mwarn[0m] [0m[0m/Users/kmilo/Education/software-architectures/2022-2023/Lab Sessions/07 - MVC with Scala Play/Session07_skeleton/conf/routes:6:1: Auto-application to `()` is deprecated. Supply the empty argument list `()` explicitly to invoke method index,[0m
[0m[[0m[33mwarn[0m] [0m[0mor remove the empty argument list from its definition (Java-defined methods are exempt).[0m
[0m[[0m[33mwarn[0m] [0m[0mIn Scala 3, an unapplied method like this will be eta-expanded into a function.[0m
[0m[[0m[33mwarn[0m] [0m[0mGET / controllers.HomeController.index[0m
[0m[[0m[33mwarn[0m] [0m[0m/Users/kmilo/Education/software-architectures/2022-2023/Lab Sessions/07 - MVC with Scala Play/Session07_skeleton/conf/routes:17:1: Auto-application to `()` is deprecated. Supply the empty argument list `()` explicitly to invoke method showLandingPage,[0m
[0m[[0m[33mwarn[0m] [0m[0mor remove the empty argument list from its definition (Java-defined methods are exempt).[0m
[0m[[0m[33mwarn[0m] [0m[0mIn Scala 3, an unapplied method like this will be eta-expanded into a function.[0m
[0m[[0m[33mwarn[0m] [0m[0mGET /landingPage controllers.LandingPageController.showLandingPage[0m
[0m[[0m[33mwarn[0m] [0m[0m5 warnings found[0m
[0m[[0m[0minfo[0m] [0m[0mdone compiling[0m
[0m[[0m[0mdebug[0m] [0m[0mRunning task... Cancel: Signal, check cycles: false, forcegc: true[0m
[0m[[0m[0mdebug[0m] [0m[0mExporting web-assets:lab-session-7[0m
[0m[[0m[0mdebug[0m] [0m[0mRunning task... Cancel: Signal, check cycles: false, forcegc: true[0m
[0m[[0m[33mwarn[0m] [0m[0mCanceling execution...[0m
[0m[[0m[31merror[0m] [0m[0mCancelled: run[0m
[0m[[0m[31merror[0m] [0m[0mCancelled: run[0m
[0m[[0m[31merror[0m] [0m[0mUse 'last' for the full log.[0m
[0m[[0m[0mdebug[0m] [0m[0m> Exec(idea-shell, None, None)[0m
