[0m[[0m[0mdebug[0m] [0m[0m> Exec(early(addDefaultCommands), None, None)[0m
[0m[[0m[0mdebug[0m] [0m[0m> Exec(addDefaultCommands, None, None)[0m
[0m[[0m[0mdebug[0m] [0m[0m> Exec(early(initialize), None, None)[0m
[0m[[0m[0mdebug[0m] [0m[0m> Exec(initialize, None, None)[0m
[0m[[0m[0mdebug[0m] [0m[0m> Exec(early(addPluginSbtFile="""/private/var/folders/3c/72sybfq518n6tgg61yztx8ch0000gn/T/idea1.sbt"""), None, None)[0m
[0m[[0m[0mdebug[0m] [0m[0m> Exec(addPluginSbtFile="""/private/var/folders/3c/72sybfq518n6tgg61yztx8ch0000gn/T/idea1.sbt""", None, None)[0m
[0m[[0m[0mdebug[0m] [0m[0m> Exec(boot, None, None)[0m
[0m[[0m[0mdebug[0m] [0m[0m> Exec(writeSbtVersion, None, None)[0m
[0m[[0m[0mdebug[0m] [0m[0m> Exec(reload, None, None)[0m
[0m[[0m[0mdebug[0m] [0m[0m> Exec(sbtStashOnFailure, None, None)[0m
[0m[[0m[0mdebug[0m] [0m[0m> Exec(onFailure loadFailed, None, None)[0m
[0m[[0m[0mdebug[0m] [0m[0m> Exec(loadp, None, None)[0m
[0m[[0m[0minfo[0m] [0m[0mwelcome to sbt 1.7.2 (Amazon.com Inc. Java 17.0.5)[0m
[0m[[0m[0mdebug[0m] [0m[0m      Load.loadUnit: plugins took 76.374464ms[0m
[0m[[0m[0mdebug[0m] [0m[0m      Load.loadUnit: defsScala took 0.309694ms[0m
[0m[[0m[0mdebug[0m] [0m[0m[Loading] Scanning directory /Users/kmilo/.sbt/1.0/plugins[0m
[0m[[0m[0mdebug[0m] [0m[0m[Loading] Found non-root projects [0m
[0m[[0m[0mdebug[0m] [0m[0m[Loading] Done in /Users/kmilo/.sbt/1.0/plugins, returning: ()[0m
[0m[[0m[0mdebug[0m] [0m[0mdeducing auto plugins based on known facts Set(Atom(sbt.plugins.CorePlugin)) and clauses Clauses(Clause(Atom(sbt.plugins.JvmPlugin),Set(Atom(sbt.plugins.IvyPlugin)))[0m
[0m[[0m[0mdebug[0m] [0m[0mClause(Atom(sbt.ScriptedPlugin),Set(Atom(sbt.plugins.JvmPlugin)))[0m
[0m[[0m[0mdebug[0m] [0m[0mClause(Atom(sbt.plugins.SbtPlugin),Set(Atom(sbt.ScriptedPlugin)))[0m
[0m[[0m[0mdebug[0m] [0m[0mClause(Atom(sbt.plugins.SemanticdbPlugin),Set(Atom(sbt.plugins.JvmPlugin)))[0m
[0m[[0m[0mdebug[0m] [0m[0mClause(Atom(sbt.plugins.JUnitXmlReportPlugin),Set(Atom(sbt.plugins.JvmPlugin)))[0m
[0m[[0m[0mdebug[0m] [0m[0mClause(Atom(sbt.plugins.MiniDependencyTreePlugin),Set(Atom(sbt.plugins.JvmPlugin)))[0m
[0m[[0m[0mdebug[0m] [0m[0mClause(Atom(sbt.plugins.CorePlugin),Set(Atom(sbt.plugins.IvyPlugin)))[0m
[0m[[0m[0mdebug[0m] [0m[0mClause(Atom(sbt.plugins.IvyPlugin),Set(Atom(sbt.plugins.JvmPlugin)))[0m
[0m[[0m[0mdebug[0m] [0m[0mClause(Atom(sbt.plugins.JvmPlugin),Set(Atom(sbt.plugins.SemanticdbPlugin)))[0m
[0m[[0m[0mdebug[0m] [0m[0mClause(Atom(sbt.plugins.JvmPlugin),Set(Atom(sbt.plugins.JUnitXmlReportPlugin)))[0m
[0m[[0m[0mdebug[0m] [0m[0mClause(Atom(sbt.plugins.CorePlugin),Set(Atom(sbt.plugins.Giter8TemplatePlugin)))[0m
[0m[[0m[0mdebug[0m] [0m[0mClause(Atom(sbt.plugins.JvmPlugin),Set(Atom(sbt.plugins.MiniDependencyTreePlugin))))[0m
[0m[[0m[0mdebug[0m] [0m[0m  :: deduced result: Matched(sbt.plugins.CorePlugin,sbt.plugins.Giter8TemplatePlugin,sbt.plugins.IvyPlugin,sbt.plugins.JvmPlugin,sbt.plugins.MiniDependencyTreePlugin,sbt.plugins.JUnitXmlReportPlugin,sbt.plugins.SemanticdbPlugin)[0m
[0m[[0m[0mdebug[0m] [0m[0mPlugins.deducer#function took 16.982065 ms[0m
[0m[[0m[0mdebug[0m] [0m[0m          Load.resolveProject(global-plugins) took 35.830162ms[0m
[0m[[0m[0mdebug[0m] [0m[0m        Load.loadTransitive: finalizeProject(Project(id global-plugins, base: /Users/kmilo/.sbt/1.0/plugins, plugins: List(<none>))) took 74.760221ms[0m
[0m[[0m[0mdebug[0m] [0m[0m[Loading] Done in /Users/kmilo/.sbt/1.0/plugins, returning: (global-plugins)[0m
[0m[[0m[0mdebug[0m] [0m[0m      Load.loadUnit: loadedProjectsRaw took 99.99245ms[0m
[0m[[0m[0mdebug[0m] [0m[0m      Load.loadUnit: cleanEvalClasses took 0.185143ms[0m
[0m[[0m[0mdebug[0m] [0m[0m    Load.loadUnit(file:/Users/kmilo/.sbt/1.0/plugins/, ...) took 184.660154ms[0m
[0m[[0m[0mdebug[0m] [0m[0m  Load.apply: load took 420.901531ms[0m
[0m[[0m[0mdebug[0m] [0m[0m  Load.apply: resolveProjects took 4.895632ms[0m
[0m[[0m[0mdebug[0m] [0m[0m  Load.apply: finalTransforms took 46.543614ms[0m
[0m[[0m[0mdebug[0m] [0m[0m  Load.apply: config.delegates took 6.628322ms[0m
[0m[[0m[0mdebug[0m] [0m[0m  Load.apply: Def.make(settings)... took 306.169407ms[0m
[0m[[0m[0mdebug[0m] [0m[0m  Load.apply: structureIndex took 90.415832ms[0m
[0m[[0m[0mdebug[0m] [0m[0m  Load.apply: mkStreams took 1.42267ms[0m
[0m[[0m[0minfo[0m] [0m[0mloading global plugins from /Users/kmilo/.sbt/1.0/plugins[0m
[0m[[0m[0mdebug[0m] [0m[0mRunning task... Cancel: Signal, check cycles: false, forcegc: true[0m
[0m[[0m[0mdebug[0m] [0m[0mLoad.defaultLoad until apply took 1828.644086ms[0m
[0m[[0m[0mdebug[0m] [0m[0m          Load.loadUnit: plugins took 16.04082ms[0m
[0m[[0m[0mdebug[0m] [0m[0m          Load.loadUnit: defsScala took 0.00483ms[0m
[0m[[0m[0mdebug[0m] [0m[0m[Loading] Scanning directory /Users/kmilo/Education/software-architectures/2022-2023/Lab Sessions/07 - MVC with Scala Play/Session07_skeleton/project[0m
[0m[[0m[0mdebug[0m] [0m[0m            Load.loadUnit: mkEval took 3.986923ms[0m
[0m[[0m[0mdebug[0m] [0m[0m[Loading] Found non-root projects [0m
[0m[[0m[0mdebug[0m] [0m[0m[Loading] Done in /Users/kmilo/Education/software-architectures/2022-2023/Lab Sessions/07 - MVC with Scala Play/Session07_skeleton/project, returning: ()[0m
[0m[[0m[0mdebug[0m] [0m[0mdeducing auto plugins based on known facts Set(Atom(sbt.plugins.CorePlugin)) and clauses Clauses(Clause(Atom(sbt.plugins.JvmPlugin),Set(Atom(sbt.plugins.IvyPlugin)))[0m
[0m[[0m[0mdebug[0m] [0m[0mClause(Atom(sbt.ScriptedPlugin),Set(Atom(sbt.plugins.JvmPlugin)))[0m
[0m[[0m[0mdebug[0m] [0m[0mClause(Atom(sbt.plugins.SbtPlugin),Set(Atom(sbt.ScriptedPlugin)))[0m
[0m[[0m[0mdebug[0m] [0m[0mClause(Atom(sbt.plugins.SemanticdbPlugin),Set(Atom(sbt.plugins.JvmPlugin)))[0m
[0m[[0m[0mdebug[0m] [0m[0mClause(Atom(sbt.plugins.JUnitXmlReportPlugin),Set(Atom(sbt.plugins.JvmPlugin)))[0m
[0m[[0m[0mdebug[0m] [0m[0mClause(Atom(sbt.plugins.MiniDependencyTreePlugin),Set(Atom(sbt.plugins.JvmPlugin)))[0m
[0m[[0m[0mdebug[0m] [0m[0mClause(Atom(sbt.plugins.CorePlugin),Set(Atom(sbt.plugins.IvyPlugin)))[0m
[0m[[0m[0mdebug[0m] [0m[0mClause(Atom(sbt.plugins.IvyPlugin),Set(Atom(sbt.plugins.JvmPlugin)))[0m
[0m[[0m[0mdebug[0m] [0m[0mClause(Atom(sbt.plugins.JvmPlugin),Set(Atom(sbt.plugins.SemanticdbPlugin)))[0m
[0m[[0m[0mdebug[0m] [0m[0mClause(Atom(sbt.plugins.JvmPlugin),Set(Atom(sbt.plugins.JUnitXmlReportPlugin)))[0m
[0m[[0m[0mdebug[0m] [0m[0mClause(Atom(sbt.plugins.CorePlugin),Set(Atom(sbt.plugins.Giter8TemplatePlugin)))[0m
[0m[[0m[0mdebug[0m] [0m[0mClause(Atom(sbt.plugins.JvmPlugin),Set(Atom(sbt.plugins.MiniDependencyTreePlugin))))[0m
[0m[[0m[0mdebug[0m] [0m[0m  :: deduced result: Matched(sbt.plugins.CorePlugin,sbt.plugins.Giter8TemplatePlugin,sbt.plugins.IvyPlugin,sbt.plugins.JvmPlugin,sbt.plugins.MiniDependencyTreePlugin,sbt.plugins.JUnitXmlReportPlugin,sbt.plugins.SemanticdbPlugin)[0m
[0m[[0m[0mdebug[0m] [0m[0mPlugins.deducer#function took 1.362308 ms[0m
[0m[[0m[0minfo[0m] [0m[0mloading settings for project session07_skeleton-build from plugins.sbt,idea1.sbt ...[0m
[0m[[0m[0mdebug[0m] [0m[0m              Load.resolveProject(session07_skeleton-build) took 3.026263ms[0m
[0m[[0m[0mdebug[0m] [0m[0m            Load.loadTransitive: finalizeProject(Project(id session07_skeleton-build, base: /Users/kmilo/Education/software-architectures/2022-2023/Lab Sessions/07 - MVC with Scala Play/Session07_skeleton/project, plugins: List(<none>))) took 4.895484ms[0m
[0m[[0m[0mdebug[0m] [0m[0m[Loading] Done in /Users/kmilo/Education/software-architectures/2022-2023/Lab Sessions/07 - MVC with Scala Play/Session07_skeleton/project, returning: (session07_skeleton-build)[0m
[0m[[0m[0mdebug[0m] [0m[0m          Load.loadUnit: loadedProjectsRaw took 100.634953ms[0m
[0m[[0m[0mdebug[0m] [0m[0m          Load.loadUnit: cleanEvalClasses took 3.972744ms[0m
[0m[[0m[0mdebug[0m] [0m[0m        Load.loadUnit(file:/Users/kmilo/Education/software-architectures/2022-2023/Lab%20Sessions/07%20-%20MVC%20with%20Scala%20Play/Session07_skeleton/project/, ...) took 121.495168ms[0m
[0m[[0m[0mdebug[0m] [0m[0m      Load.apply: load took 122.783938ms[0m
[0m[[0m[0mdebug[0m] [0m[0m      Load.apply: resolveProjects took 0.116834ms[0m
[0m[[0m[0mdebug[0m] [0m[0m      Load.apply: finalTransforms took 11.544035ms[0m
[0m[[0m[0mdebug[0m] [0m[0m      Load.apply: config.delegates took 0.317558ms[0m
[0m[[0m[0mdebug[0m] [0m[0m      Load.apply: Def.make(settings)... took 75.159127ms[0m
[0m[[0m[0mdebug[0m] [0m[0m      Load.apply: structureIndex took 26.396546ms[0m
[0m[[0m[0mdebug[0m] [0m[0m      Load.apply: mkStreams took 0.002628ms[0m
[0m[[0m[0minfo[0m] [0m[0mloading project definition from /Users/kmilo/Education/software-architectures/2022-2023/Lab Sessions/07 - MVC with Scala Play/Session07_skeleton/project[0m
[0m[[0m[0mdebug[0m] [0m[0mRunning task... Cancel: Signal, check cycles: false, forcegc: true[0m
[0m[[0m[0mdebug[0m] [0m[0m    Load.loadUnit: plugins took 736.928351ms[0m
[0m[[0m[0mdebug[0m] [0m[0m    Load.loadUnit: defsScala took 0.002972ms[0m
[0m[[0m[0mdebug[0m] [0m[0m[Loading] Scanning directory /Users/kmilo/Education/software-architectures/2022-2023/Lab Sessions/07 - MVC with Scala Play/Session07_skeleton[0m
[0m[[0m[0mdebug[0m] [0m[0m      Load.loadUnit: mkEval took 0.163212ms[0m
[0m[[0m[0mdebug[0m] [0m[0m[Loading] Found root project root w/ remaining [0m
[0m[[0m[0mdebug[0m] [0m[0mdeducing auto plugins based on known facts Set(Atom(play.sbt.PlayScala), Atom(sbt.plugins.CorePlugin)) and clauses Clauses(Clause(Atom(sbt.plugins.JvmPlugin),Set(Atom(sbt.plugins.IvyPlugin)))[0m
[0m[[0m[0mdebug[0m] [0m[0mClause(Atom(sbt.ScriptedPlugin),Set(Atom(sbt.plugins.JvmPlugin)))[0m
[0m[[0m[0mdebug[0m] [0m[0mClause(Atom(sbt.plugins.SbtPlugin),Set(Atom(sbt.ScriptedPlugin)))[0m
[0m[[0m[0mdebug[0m] [0m[0mClause(Atom(sbt.plugins.SemanticdbPlugin),Set(Atom(sbt.plugins.JvmPlugin)))[0m
[0m[[0m[0mdebug[0m] [0m[0mClause(Atom(sbt.plugins.JUnitXmlReportPlugin),Set(Atom(sbt.plugins.JvmPlugin)))[0m
[0m[[0m[0mdebug[0m] [0m[0mClause(Atom(sbt.plugins.MiniDependencyTreePlugin),Set(Atom(sbt.plugins.JvmPlugin)))[0m
[0m[[0m[0mdebug[0m] [0m[0mClause(Atom(play.sbt.Play),Set(Atom(play.sbt.routes.RoutesCompiler)))[0m
[0m[[0m[0mdebug[0m] [0m[0mClause(Atom(play.sbt.Play),Set(Atom(com.typesafe.sbt.jse.SbtJsTask)))[0m
[0m[[0m[0mdebug[0m] [0m[0mClause(Atom(play.sbt.Play),Set(Atom(com.typesafe.sbt.packager.archetypes.JavaServerAppPackaging)))[0m
[0m[[0m[0mdebug[0m] [0m[0mClause(Atom(play.sbt.Play),Set(Atom(play.twirl.sbt.SbtTwirl)))[0m
[0m[[0m[0mdebug[0m] [0m[0mClause(Atom(play.sbt.PlayAkkaHttp2Support),Set(Atom(play.sbt.PlayAkkaHttpServer)))[0m
[0m[[0m[0mdebug[0m] [0m[0mClause(Atom(play.sbt.PlayAkkaHttp2Support),Set(Atom(com.lightbend.sbt.javaagent.JavaAgent)))[0m
[0m[[0m[0mdebug[0m] [0m[0mClause(Atom(play.sbt.PlayAkkaHttpServer),Set(Atom(play.sbt.PlayService)))[0m
[0m[[0m[0mdebug[0m] [0m[0mClause(Atom(play.sbt.PlayFilters),Set(Atom(play.sbt.PlayWeb)))[0m
[0m[[0m[0mdebug[0m] [0m[0mClause(Atom(play.sbt.PlayJava),Set(Atom(play.sbt.PlayWeb)))[0m
[0m[[0m[0mdebug[0m] [0m[0mClause(Atom(play.sbt.PlayLayoutPlugin),Set(Atom(play.sbt.PlayWeb)))[0m
[0m[[0m[0mdebug[0m] [0m[0mClause(Atom(play.sbt.PlayLogback),Set(Atom(play.sbt.PlayService)))[0m
[0m[[0m[0mdebug[0m] [0m[0mClause(Atom(play.sbt.PlayMinimalJava),Set(Atom(play.sbt.PlayWeb)))[0m
[0m[[0m[0mdebug[0m] [0m[0mClause(Atom(play.sbt.PlayNettyServer),Set(Atom(play.sbt.PlayService)))[0m
[0m[[0m[0mdebug[0m] [0m[0mClause(Atom(play.sbt.PlayScala),Set(Atom(play.sbt.PlayWeb)))[0m
[0m[[0m[0mdebug[0m] [0m[0mClause(Atom(play.sbt.PlayService),Set(Atom(com.typesafe.sbt.packager.archetypes.JavaServerAppPackaging)))[0m
[0m[[0m[0mdebug[0m] [0m[0mClause(Atom(play.sbt.PlayWeb),Set(Atom(play.sbt.routes.RoutesCompiler)))[0m
[0m[[0m[0mdebug[0m] [0m[0mClause(Atom(play.sbt.PlayWeb),Set(Atom(com.typesafe.sbt.jse.SbtJsTask)))[0m
[0m[[0m[0mdebug[0m] [0m[0mClause(Atom(play.sbt.PlayWeb),Set(Atom(play.sbt.PlayService)))[0m
[0m[[0m[0mdebug[0m] [0m[0mClause(Atom(play.sbt.PlayWeb),Set(Atom(play.twirl.sbt.SbtTwirl)))[0m
[0m[[0m[0mdebug[0m] [0m[0mClause(Atom(play.sbt.routes.RoutesCompiler),Set(Atom(sbt.plugins.JvmPlugin)))[0m
[0m[[0m[0mdebug[0m] [0m[0mClause(Atom(play.sbt.test.MediatorWorkaroundPlugin),Set(Atom(sbt.plugins.JvmPlugin)))[0m
[0m[[0m[0mdebug[0m] [0m[0mClause(Atom(org.jetbrains.sbt.StructurePlugin),Set(Atom(sbt.plugins.JvmPlugin)))[0m
[0m[[0m[0mdebug[0m] [0m[0mClause(Atom(org.jetbrains.sbt.IdeaShellPlugin),Set(Atom(sbt.plugins.JvmPlugin)))[0m
[0m[[0m[0mdebug[0m] [0m[0mClause(Atom(org.jetbrains.sbt.indices.SbtIntellijIndicesPlugin),Set(Atom(sbt.plugins.JvmPlugin)))[0m
[0m[[0m[0mdebug[0m] [0m[0mClause(Atom(play.twirl.sbt.SbtTwirl),Set(Atom(sbt.plugins.JvmPlugin)))[0m
[0m[[0m[0mdebug[0m] [0m[0mClause(Atom(com.typesafe.sbt.SbtNativePackager),Set(Atom(sbt.plugins.JvmPlugin)))[0m
[0m[[0m[0mdebug[0m] [0m[0mClause(Atom(com.typesafe.sbt.packager.archetypes.JavaAppPackaging),Set(Atom(com.typesafe.sbt.packager.windows.WindowsPlugin)))[0m
[0m[[0m[0mdebug[0m] [0m[0mClause(Atom(com.typesafe.sbt.packager.archetypes.JavaAppPackaging),Set(Atom(com.typesafe.sbt.packager.docker.DockerPlugin)))[0m
[0m[[0m[0mdebug[0m] [0m[0mClause(Atom(com.typesafe.sbt.packager.archetypes.JavaAppPackaging),Set(Atom(com.typesafe.sbt.packager.debian.DebianPlugin)))[0m
[0m[[0m[0mdebug[0m] [0m[0mClause(Atom(com.typesafe.sbt.packager.archetypes.JavaAppPackaging),Set(Atom(com.typesafe.sbt.packager.rpm.RpmPlugin)))[0m
[0m[[0m[0mdebug[0m] [0m[0mClause(Atom(com.typesafe.sbt.packager.archetypes.JavaServerAppPackaging),Set(Atom(com.typesafe.sbt.packager.archetypes.JavaAppPackaging)))[0m
[0m[[0m[0mdebug[0m] [0m[0mClause(Atom(com.typesafe.sbt.packager.archetypes.jar.ClasspathJarPlugin),Set(Atom(com.typesafe.sbt.packager.archetypes.JavaAppPackaging)))[0m
[0m[[0m[0mdebug[0m] [0m[0mClause(Atom(com.typesafe.sbt.packager.archetypes.jar.LauncherJarPlugin),Set(Atom(com.typesafe.sbt.packager.archetypes.JavaAppPackaging)))[0m
[0m[[0m[0mdebug[0m] [0m[0mClause(Atom(com.typesafe.sbt.packager.archetypes.jlink.JlinkPlugin),Set(Atom(com.typesafe.sbt.packager.archetypes.JavaAppPackaging)))[0m
[0m[[0m[0mdebug[0m] [0m[0mClause(Atom(com.typesafe.sbt.packager.archetypes.scripts.AshScriptPlugin),Set(Atom(com.typesafe.sbt.packager.archetypes.JavaAppPackaging)))[0m
[0m[[0m[0mdebug[0m] [0m[0mClause(Atom(com.typesafe.sbt.packager.archetypes.scripts.AshScriptPlugin),Set(Atom(com.typesafe.sbt.packager.archetypes.scripts.BashStartScriptPlugin)))[0m
[0m[[0m[0mdebug[0m] [0m[0mClause(Atom(com.typesafe.sbt.packager.archetypes.scripts.BashStartScriptPlugin),Set(Atom(com.typesafe.sbt.packager.archetypes.JavaAppPackaging)))[0m
[0m[[0m[0mdebug[0m] [0m[0mClause(Atom(com.typesafe.sbt.packager.archetypes.scripts.BatStartScriptPlugin),Set(Atom(com.typesafe.sbt.packager.archetypes.JavaAppPackaging)))[0m
[0m[[0m[0mdebug[0m] [0m[0mClause(Atom(com.typesafe.sbt.packager.archetypes.systemloader.SystemVPlugin),Set(Atom(com.typesafe.sbt.packager.archetypes.systemloader.SystemloaderPlugin)))[0m
[0m[[0m[0mdebug[0m] [0m[0mClause(Atom(com.typesafe.sbt.packager.archetypes.systemloader.SystemdPlugin),Set(Atom(com.typesafe.sbt.packager.archetypes.systemloader.SystemloaderPlugin)))[0m
[0m[[0m[0mdebug[0m] [0m[0mClause(Atom(com.typesafe.sbt.packager.archetypes.systemloader.SystemloaderPlugin),Set(Atom(com.typesafe.sbt.packager.debian.DebianPlugin)))[0m
[0m[[0m[0mdebug[0m] [0m[0mClause(Atom(com.typesafe.sbt.packager.archetypes.systemloader.SystemloaderPlugin),Set(Atom(com.typesafe.sbt.packager.rpm.RpmPlugin)))[0m
[0m[[0m[0mdebug[0m] [0m[0mClause(Atom(com.typesafe.sbt.packager.archetypes.systemloader.UpstartPlugin),Set(Atom(com.typesafe.sbt.packager.archetypes.systemloader.SystemloaderPlugin)))[0m
[0m[[0m[0mdebug[0m] [0m[0mClause(Atom(com.typesafe.sbt.packager.debian.DebianDeployPlugin),Set(Atom(com.typesafe.sbt.packager.debian.DebianPlugin)))[0m
[0m[[0m[0mdebug[0m] [0m[0mClause(Atom(com.typesafe.sbt.packager.debian.DebianPlugin),Set(Atom(com.typesafe.sbt.packager.linux.LinuxPlugin)))[0m
[0m[[0m[0mdebug[0m] [0m[0mClause(Atom(com.typesafe.sbt.packager.debian.JDebPackaging),Set(Atom(com.typesafe.sbt.packager.debian.DebianPlugin)))[0m
[0m[[0m[0mdebug[0m] [0m[0mClause(Atom(com.typesafe.sbt.packager.docker.DockerPlugin),Set(Atom(com.typesafe.sbt.packager.universal.UniversalPlugin)))[0m
[0m[[0m[0mdebug[0m] [0m[0mClause(Atom(com.typesafe.sbt.packager.docker.DockerSpotifyClientPlugin),Set(Atom(com.typesafe.sbt.packager.docker.DockerPlugin)))[0m
[0m[[0m[0mdebug[0m] [0m[0mClause(Atom(com.typesafe.sbt.packager.graalvmnativeimage.GraalVMNativeImagePlugin),Set(Atom(com.typesafe.sbt.packager.archetypes.JavaAppPackaging)))[0m
[0m[[0m[0mdebug[0m] [0m[0mClause(Atom(com.typesafe.sbt.packager.jdkpackager.JDKPackagerDeployPlugin),Set(Atom(com.typesafe.sbt.packager.jdkpackager.JDKPackagerPlugin)))[0m
[0m[[0m[0mdebug[0m] [0m[0mClause(Atom(com.typesafe.sbt.packager.jdkpackager.JDKPackagerPlugin),Set(Atom(com.typesafe.sbt.packager.archetypes.JavaAppPackaging)))[0m
[0m[[0m[0mdebug[0m] [0m[0mClause(Atom(com.typesafe.sbt.packager.jdkpackager.JDKPackagerPlugin),Set(Atom(com.typesafe.sbt.packager.archetypes.jar.LauncherJarPlugin)))[0m
[0m[[0m[0mdebug[0m] [0m[0mClause(Atom(com.typesafe.sbt.packager.linux.LinuxPlugin),Set(Atom(com.typesafe.sbt.packager.universal.UniversalPlugin)))[0m
[0m[[0m[0mdebug[0m] [0m[0mClause(Atom(com.typesafe.sbt.packager.rpm.RpmDeployPlugin),Set(Atom(com.typesafe.sbt.packager.rpm.RpmPlugin)))[0m
[0m[[0m[0mdebug[0m] [0m[0mClause(Atom(com.typesafe.sbt.packager.rpm.RpmPlugin),Set(Atom(com.typesafe.sbt.packager.linux.LinuxPlugin)))[0m
[0m[[0m[0mdebug[0m] [0m[0mClause(Atom(com.typesafe.sbt.packager.universal.UniversalDeployPlugin),Set(Atom(com.typesafe.sbt.packager.universal.UniversalPlugin)))[0m
[0m[[0m[0mdebug[0m] [0m[0mClause(Atom(com.typesafe.sbt.packager.universal.UniversalPlugin),Set(Atom(com.typesafe.sbt.SbtNativePackager)))[0m
[0m[[0m[0mdebug[0m] [0m[0mClause(Atom(com.typesafe.sbt.packager.windows.WindowsDeployPlugin),Set(Atom(com.typesafe.sbt.packager.windows.WindowsPlugin)))[0m
[0m[[0m[0mdebug[0m] [0m[0mClause(Atom(com.typesafe.sbt.packager.windows.WindowsPlugin),Set(Atom(com.typesafe.sbt.packager.universal.UniversalPlugin)))[0m
[0m[[0m[0mdebug[0m] [0m[0mClause(Atom(com.lightbend.sbt.javaagent.JavaAgent),Set(Atom(sbt.plugins.JvmPlugin)))[0m
[0m[[0m[0mdebug[0m] [0m[0mClause(Atom(com.lightbend.sbt.javaagent.JavaAgentPackaging),Set(Atom(com.lightbend.sbt.javaagent.JavaAgent)))[0m
[0m[[0m[0mdebug[0m] [0m[0mClause(Atom(com.lightbend.sbt.javaagent.JavaAgentPackaging),Set(Atom(com.typesafe.sbt.packager.archetypes.JavaAppPackaging)))[0m
[0m[[0m[0mdebug[0m] [0m[0mClause(Atom(com.typesafe.sbt.web.SbtWeb),Set(Atom(sbt.plugins.JvmPlugin)))[0m
[0m[[0m[0mdebug[0m] [0m[0mClause(Atom(com.typesafe.sbt.jse.SbtJsEngine),Set(Atom(com.typesafe.sbt.web.SbtWeb)))[0m
[0m[[0m[0mdebug[0m] [0m[0mClause(Atom(com.typesafe.sbt.jse.SbtJsTask),Set(Atom(com.typesafe.sbt.jse.SbtJsEngine)))[0m
[0m[[0m[0mdebug[0m] [0m[0mClause(Atom(sbt.plugins.CorePlugin),Set(Atom(sbt.plugins.IvyPlugin)))[0m
[0m[[0m[0mdebug[0m] [0m[0mClause(Atom(sbt.plugins.IvyPlugin),Set(Atom(sbt.plugins.JvmPlugin)))[0m
[0m[[0m[0mdebug[0m] [0m[0mClause(Atom(sbt.plugins.JvmPlugin),Set(Atom(sbt.plugins.SemanticdbPlugin)))[0m
[0m[[0m[0mdebug[0m] [0m[0mClause(Atom(sbt.plugins.JvmPlugin),Set(Atom(sbt.plugins.JUnitXmlReportPlugin)))[0m
[0m[[0m[0mdebug[0m] [0m[0mClause(Atom(sbt.plugins.CorePlugin),Set(Atom(sbt.plugins.Giter8TemplatePlugin)))[0m
[0m[[0m[0mdebug[0m] [0m[0mClause(Atom(sbt.plugins.JvmPlugin),Set(Atom(sbt.plugins.MiniDependencyTreePlugin)))[0m
[0m[[0m[0mdebug[0m] [0m[0mClause(Atom(play.sbt.PlayService),Set(Atom(play.sbt.PlayAkkaHttpServer)))[0m
[0m[[0m[0mdebug[0m] [0m[0mClause(Atom(play.sbt.PlayWeb),Set(Atom(play.sbt.PlayFilters)))[0m
[0m[[0m[0mdebug[0m] [0m[0mClause(Atom(play.sbt.PlayWeb),Set(Atom(play.sbt.PlayLayoutPlugin)))[0m
[0m[[0m[0mdebug[0m] [0m[0mClause(Atom(play.sbt.PlayService),Set(Atom(play.sbt.PlayLogback)))[0m
[0m[[0m[0mdebug[0m] [0m[0mClause(Atom(sbt.plugins.JvmPlugin),Set(Atom(org.jetbrains.sbt.StructurePlugin)))[0m
[0m[[0m[0mdebug[0m] [0m[0mClause(Atom(sbt.plugins.JvmPlugin),Set(Atom(org.jetbrains.sbt.IdeaShellPlugin)))[0m
[0m[[0m[0mdebug[0m] [0m[0mClause(And(Set(Atom(sbt.plugins.CorePlugin), Atom(sbt.plugins.JvmPlugin))),Set(Atom(org.jetbrains.sbt.indices.SbtIntellijIndicesPlugin)))[0m
[0m[[0m[0mdebug[0m] [0m[0mClause(Atom(com.typesafe.sbt.packager.archetypes.JavaAppPackaging),Set(Atom(com.typesafe.sbt.packager.archetypes.scripts.BashStartScriptPlugin)))[0m
[0m[[0m[0mdebug[0m] [0m[0mClause(Atom(com.typesafe.sbt.packager.archetypes.JavaAppPackaging),Set(Atom(com.typesafe.sbt.packager.archetypes.scripts.BatStartScriptPlugin)))[0m
[0m[[0m[0mdebug[0m] [0m[0mClause(And(Set(Atom(com.lightbend.sbt.javaagent.JavaAgent), Atom(com.typesafe.sbt.packager.archetypes.JavaAppPackaging))),Set(Atom(com.lightbend.sbt.javaagent.JavaAgentPackaging)))[0m
[0m[[0m[0mdebug[0m] [0m[0mClause(Atom(com.typesafe.sbt.web.SbtWeb),Set(Atom(com.typesafe.sbt.jse.SbtJsEngine)))[0m
[0m[[0m[0mdebug[0m] [0m[0mClause(Atom(com.typesafe.sbt.jse.SbtJsEngine),Set(Atom(com.typesafe.sbt.jse.SbtJsTask))))[0m
[0m[[0m[0mdebug[0m] [0m[0m  :: deduced result: Matched(sbt.plugins.CorePlugin,play.sbt.PlayScala,sbt.plugins.Giter8TemplatePlugin,sbt.plugins.IvyPlugin,play.sbt.PlayWeb,play.twirl.sbt.SbtTwirl,sbt.plugins.JvmPlugin,play.sbt.PlayService,play.sbt.PlayFilters,play.sbt.PlayLayoutPlugin,play.sbt.routes.RoutesCompiler,com.typesafe.sbt.jse.SbtJsTask,com.typesafe.sbt.packager.archetypes.JavaServerAppPackaging,sbt.plugins.SemanticdbPlugin,org.jetbrains.sbt.indices.SbtIntellijIndicesPlugin,sbt.plugins.JUnitXmlReportPlugin,org.jetbrains.sbt.IdeaShellPlugin,play.sbt.PlayLogback,org.jetbrains.sbt.StructurePlugin,sbt.plugins.MiniDependencyTreePlugin,com.typesafe.sbt.jse.SbtJsEngine,play.sbt.PlayAkkaHttpServer,com.typesafe.sbt.web.SbtWeb,com.typesafe.sbt.packager.archetypes.JavaAppPackaging,com.typesafe.sbt.packager.rpm.RpmPlugin,com.typesafe.sbt.packager.archetypes.scripts.BashStartScriptPlugin,com.typesafe.sbt.packager.windows.WindowsPlugin,com.typesafe.sbt.packager.archetypes.scripts.BatStartScriptPlugin,com.typesafe.sbt.packager.docker.DockerPlugin,com.typesafe.sbt.packager.debian.DebianPlugin,com.typesafe.sbt.packager.universal.UniversalPlugin,com.typesafe.sbt.packager.linux.LinuxPlugin,com.typesafe.sbt.SbtNativePackager)[0m
[0m[[0m[0mdebug[0m] [0m[0mPlugins.deducer#function took 12.442421 ms[0m
[0m[[0m[0minfo[0m] [0m[0mloading settings for project root from build.sbt ...[0m
[0m[[0m[0mdebug[0m] [0m[0m        Load.resolveProject(root) took 108.97425ms[0m
[0m[[0m[0mdebug[0m] [0m[0m      Load.loadTransitive: finalizeProject(Project(id root, base: /Users/kmilo/Education/software-architectures/2022-2023/Lab Sessions/07 - MVC with Scala Play/Session07_skeleton, plugins: List(play.sbt.PlayScala))) took 123.639824ms[0m
[0m[[0m[0mdebug[0m] [0m[0m[Loading] Done in /Users/kmilo/Education/software-architectures/2022-2023/Lab Sessions/07 - MVC with Scala Play/Session07_skeleton, returning: (root)[0m
[0m[[0m[0mdebug[0m] [0m[0m    Load.loadUnit: loadedProjectsRaw took 171.172214ms[0m
[0m[[0m[0mdebug[0m] [0m[0m    Load.loadUnit: cleanEvalClasses took 4.155497ms[0m
[0m[[0m[0mdebug[0m] [0m[0m  Load.loadUnit(file:/Users/kmilo/Education/software-architectures/2022-2023/Lab%20Sessions/07%20-%20MVC%20with%20Scala%20Play/Session07_skeleton/, ...) took 912.890222ms[0m
[0m[[0m[0mdebug[0m] [0m[0mLoad.apply: load took 914.787316ms[0m
[0m[[0m[0mdebug[0m] [0m[0mLoad.apply: resolveProjects took 0.17435ms[0m
[0m[[0m[0mdebug[0m] [0m[0mLoad.apply: finalTransforms took 27.213612ms[0m
[0m[[0m[0mdebug[0m] [0m[0mLoad.apply: config.delegates took 1.156584ms[0m
[0m[[0m[0mdebug[0m] [0m[0mLoad.apply: Def.make(settings)... took 89.784346ms[0m
[0m[[0m[0mdebug[0m] [0m[0mLoad.apply: structureIndex took 32.635434ms[0m
[0m[[0m[0mdebug[0m] [0m[0mLoad.apply: mkStreams took 0.002125ms[0m
[0m[[0m[0minfo[0m] [0m[0m[32m  __              __[0m[0m
[0m[[0m[0minfo[0m] [0m[0m[32m  \ \     ____   / /____ _ __  __[0m[0m
[0m[[0m[0minfo[0m] [0m[0m[32m   \ \   / __ \ / // __ `// / / /[0m[0m
[0m[[0m[0minfo[0m] [0m[0m[32m   / /  / /_/ // // /_/ // /_/ /[0m[0m
[0m[[0m[0minfo[0m] [0m[0m[32m  /_/  / .___//_/ \__,_/ \__, /[0m[0m
[0m[[0m[0minfo[0m] [0m[0m[32m      /_/               /____/[0m[0m
[0m[[0m[0minfo[0m] [0m[0m[0m
[0m[[0m[0minfo[0m] [0m[0mVersion 2.8.18 running Java 17.0.5[0m
[0m[[0m[0minfo[0m] [0m[0m[0m
[0m[[0m[0minfo[0m] [0m[0m[1mPlay is run entirely by the community. Please consider contributing and/or donating:[0m[0m
[0m[[0m[0minfo[0m] [0m[0mhttps://www.playframework.com/sponsors[0m
[0m[[0m[0minfo[0m] [0m[0m[0m
[0m[[0m[0minfo[0m] [0m[0mRunning Play on Java 17 is experimental. Tweaks are necessary:[0m
[0m[[0m[0minfo[0m] [0m[0mhttps://github.com/playframework/playframework/releases/2.8.15[0m
[0m[[0m[0minfo[0m] [0m[0m[0m
[0m[[0m[0mdebug[0m] [0m[0m> Exec(sbtPopOnFailure, None, None)[0m
[0m[[0m[0mdebug[0m] [0m[0m> Exec(resumeFromFailure, None, None)[0m
[0m[[0m[0mdebug[0m] [0m[0m> Exec(notifyUsersAboutShell, None, None)[0m
[0m[[0m[0mdebug[0m] [0m[0m> Exec(iflast shell, None, None)[0m
[0m[[0m[0mdebug[0m] [0m[0m> Exec(; set ideaPort in Global := 59230 ; idea-shell, None, None)[0m
[0m[[0m[0mdebug[0m] [0m[0m> Exec(set ideaPort in Global := 59230, None, None)[0m
[0m[[0m[0minfo[0m] [0m[0mDefining Global / ideaPort[0m
[0m[[0m[0minfo[0m] [0m[0mThe new value will be used by Compile / compile, Test / compile[0m
[0m[[0m[0mdebug[0m] [0m[0mDefining [0m
[0m[[0m[0mdebug[0m] [0m[0m	Global / ideaPort[0m
[0m[[0m[0mdebug[0m] [0m[0m[0m
[0m[[0m[0mdebug[0m] [0m[0mThe new value will be used by [0m
[0m[[0m[0mdebug[0m] [0m[0m	Compile / compile[0m
[0m[[0m[0mdebug[0m] [0m[0m	Test / compile[0m
[0m[[0m[0minfo[0m] [0m[0mReapplying settings...[0m
[0m[[0m[0minfo[0m] [0m[0m[32m  __              __[0m[0m
[0m[[0m[0minfo[0m] [0m[0m[32m  \ \     ____   / /____ _ __  __[0m[0m
[0m[[0m[0minfo[0m] [0m[0m[32m   \ \   / __ \ / // __ `// / / /[0m[0m
[0m[[0m[0minfo[0m] [0m[0m[32m   / /  / /_/ // // /_/ // /_/ /[0m[0m
[0m[[0m[0minfo[0m] [0m[0m[32m  /_/  / .___//_/ \__,_/ \__, /[0m[0m
[0m[[0m[0minfo[0m] [0m[0m[32m      /_/               /____/[0m[0m
[0m[[0m[0minfo[0m] [0m[0m[0m
[0m[[0m[0minfo[0m] [0m[0mVersion 2.8.18 running Java 17.0.5[0m
[0m[[0m[0minfo[0m] [0m[0m[0m
[0m[[0m[0minfo[0m] [0m[0m[1mPlay is run entirely by the community. Please consider contributing and/or donating:[0m[0m
[0m[[0m[0minfo[0m] [0m[0mhttps://www.playframework.com/sponsors[0m
[0m[[0m[0minfo[0m] [0m[0m[0m
[0m[[0m[0minfo[0m] [0m[0mRunning Play on Java 17 is experimental. Tweaks are necessary:[0m
[0m[[0m[0minfo[0m] [0m[0mhttps://github.com/playframework/playframework/releases/2.8.15[0m
[0m[[0m[0minfo[0m] [0m[0m[0m
[0m[[0m[0mdebug[0m] [0m[0m> Exec(idea-shell, None, None)[0m
